2020-12-16T22:28:49.696+0700 INFO Starting AppApplication using Java 11.0.8 on DESKTOP-C1CGSIQ with PID 1128 (C:\Users\TRANTUANVU\Desktop\spring-app-agriculture\target\classes started by TRANTUANVU in C:\Users\TRANTUANVU\Desktop\spring-app-agriculture)
2020-12-16T22:28:49.712+0700 INFO No active profile set, falling back to default profiles: default
2020-12-16T22:28:51.108+0700 INFO Bean 'org.springframework.hateoas.config.HateoasConfiguration' of type [org.springframework.hateoas.config.HateoasConfiguration] is not eligible for getting processed by all BeanPostProcessors (for example: not eligible for auto-proxying)
2020-12-16T22:28:51.113+0700 INFO Bean 'relProviderPluginRegistry' of type [org.springframework.plugin.core.support.PluginRegistryFactoryBean] is not eligible for getting processed by all BeanPostProcessors (for example: not eligible for auto-proxying)
2020-12-16T22:28:51.119+0700 INFO Bean 'relProviderPluginRegistry' of type [org.springframework.plugin.core.OrderAwarePluginRegistry] is not eligible for getting processed by all BeanPostProcessors (for example: not eligible for auto-proxying)
2020-12-16T22:28:51.121+0700 INFO Bean '_relProvider' of type [org.springframework.hateoas.server.core.DelegatingLinkRelationProvider] is not eligible for getting processed by all BeanPostProcessors (for example: not eligible for auto-proxying)
2020-12-16T22:28:51.186+0700 INFO Bean 'messageResolver' of type [org.springframework.hateoas.mediatype.MessageSourceResolver] is not eligible for getting processed by all BeanPostProcessors (for example: not eligible for auto-proxying)
2020-12-16T22:28:51.220+0700 INFO Bean 'org.springframework.data.web.config.SpringDataJacksonConfiguration' of type [org.springframework.data.web.config.SpringDataJacksonConfiguration] is not eligible for getting processed by all BeanPostProcessors (for example: not eligible for auto-proxying)
2020-12-16T22:28:51.236+0700 INFO Bean 'jacksonGeoModule' of type [org.springframework.data.geo.GeoModule] is not eligible for getting processed by all BeanPostProcessors (for example: not eligible for auto-proxying)
2020-12-16T22:28:51.303+0700 INFO Bean 'org.springframework.boot.autoconfigure.data.rest.RepositoryRestMvcAutoConfiguration' of type [org.springframework.boot.autoconfigure.data.rest.RepositoryRestMvcAutoConfiguration] is not eligible for getting processed by all BeanPostProcessors (for example: not eligible for auto-proxying)
2020-12-16T22:28:51.319+0700 INFO Bean 'org.springframework.boot.autoconfigure.jackson.JacksonAutoConfiguration$JacksonObjectMapperBuilderConfiguration' of type [org.springframework.boot.autoconfigure.jackson.JacksonAutoConfiguration$JacksonObjectMapperBuilderConfiguration] is not eligible for getting processed by all BeanPostProcessors (for example: not eligible for auto-proxying)
2020-12-16T22:28:51.322+0700 INFO Bean 'org.springframework.boot.autoconfigure.jackson.JacksonAutoConfiguration$Jackson2ObjectMapperBuilderCustomizerConfiguration' of type [org.springframework.boot.autoconfigure.jackson.JacksonAutoConfiguration$Jackson2ObjectMapperBuilderCustomizerConfiguration] is not eligible for getting processed by all BeanPostProcessors (for example: not eligible for auto-proxying)
2020-12-16T22:28:51.385+0700 INFO Bean 'spring.jackson-org.springframework.boot.autoconfigure.jackson.JacksonProperties' of type [org.springframework.boot.autoconfigure.jackson.JacksonProperties] is not eligible for getting processed by all BeanPostProcessors (for example: not eligible for auto-proxying)
2020-12-16T22:28:51.421+0700 INFO Bean 'standardJacksonObjectMapperBuilderCustomizer' of type [org.springframework.boot.autoconfigure.jackson.JacksonAutoConfiguration$Jackson2ObjectMapperBuilderCustomizerConfiguration$StandardJackson2ObjectMapperBuilderCustomizer] is not eligible for getting processed by all BeanPostProcessors (for example: not eligible for auto-proxying)
2020-12-16T22:28:51.482+0700 INFO Bean 'org.springframework.boot.autoconfigure.jackson.JacksonAutoConfiguration$ParameterNamesModuleConfiguration' of type [org.springframework.boot.autoconfigure.jackson.JacksonAutoConfiguration$ParameterNamesModuleConfiguration] is not eligible for getting processed by all BeanPostProcessors (for example: not eligible for auto-proxying)
2020-12-16T22:28:51.485+0700 INFO Bean 'parameterNamesModule' of type [com.fasterxml.jackson.module.paramnames.ParameterNamesModule] is not eligible for getting processed by all BeanPostProcessors (for example: not eligible for auto-proxying)
2020-12-16T22:28:51.487+0700 INFO Bean 'org.springframework.boot.autoconfigure.jackson.JacksonAutoConfiguration' of type [org.springframework.boot.autoconfigure.jackson.JacksonAutoConfiguration] is not eligible for getting processed by all BeanPostProcessors (for example: not eligible for auto-proxying)
2020-12-16T22:28:51.547+0700 INFO Bean 'jsonComponentModule' of type [org.springframework.boot.jackson.JsonComponentModule] is not eligible for getting processed by all BeanPostProcessors (for example: not eligible for auto-proxying)
2020-12-16T22:28:51.578+0700 INFO Bean 'jacksonObjectMapperBuilder' of type [org.springframework.http.converter.json.Jackson2ObjectMapperBuilder] is not eligible for getting processed by all BeanPostProcessors (for example: not eligible for auto-proxying)
2020-12-16T22:28:51.586+0700 INFO Bean 'spring.data.rest-org.springframework.boot.autoconfigure.data.rest.RepositoryRestProperties' of type [org.springframework.boot.autoconfigure.data.rest.RepositoryRestProperties] is not eligible for getting processed by all BeanPostProcessors (for example: not eligible for auto-proxying)
2020-12-16T22:28:51.587+0700 INFO Bean 'springBootRepositoryRestConfigurer' of type [org.springframework.boot.autoconfigure.data.rest.SpringBootRepositoryRestConfigurer] is not eligible for getting processed by all BeanPostProcessors (for example: not eligible for auto-proxying)
2020-12-16T22:28:51.588+0700 INFO Bean 'configurerDelegate' of type [org.springframework.data.rest.webmvc.config.RepositoryRestConfigurerDelegate] is not eligible for getting processed by all BeanPostProcessors (for example: not eligible for auto-proxying)
2020-12-16T22:28:51.629+0700 INFO Bean 'org.springframework.boot.autoconfigure.http.HttpMessageConvertersAutoConfiguration$StringHttpMessageConverterConfiguration' of type [org.springframework.boot.autoconfigure.http.HttpMessageConvertersAutoConfiguration$StringHttpMessageConverterConfiguration] is not eligible for getting processed by all BeanPostProcessors (for example: not eligible for auto-proxying)
2020-12-16T22:28:51.673+0700 INFO Bean 'stringHttpMessageConverter' of type [org.springframework.http.converter.StringHttpMessageConverter] is not eligible for getting processed by all BeanPostProcessors (for example: not eligible for auto-proxying)
2020-12-16T22:28:51.704+0700 INFO Bean 'org.springframework.boot.autoconfigure.http.JacksonHttpMessageConvertersConfiguration$MappingJackson2HttpMessageConverterConfiguration' of type [org.springframework.boot.autoconfigure.http.JacksonHttpMessageConvertersConfiguration$MappingJackson2HttpMessageConverterConfiguration] is not eligible for getting processed by all BeanPostProcessors (for example: not eligible for auto-proxying)
2020-12-16T22:28:51.706+0700 INFO Bean 'org.springframework.boot.autoconfigure.jackson.JacksonAutoConfiguration$JacksonObjectMapperConfiguration' of type [org.springframework.boot.autoconfigure.jackson.JacksonAutoConfiguration$JacksonObjectMapperConfiguration] is not eligible for getting processed by all BeanPostProcessors (for example: not eligible for auto-proxying)
2020-12-16T22:28:51.743+0700 INFO Bean 'jacksonObjectMapperBuilder' of type [org.springframework.http.converter.json.Jackson2ObjectMapperBuilder] is not eligible for getting processed by all BeanPostProcessors (for example: not eligible for auto-proxying)
2020-12-16T22:28:51.829+0700 INFO Bean 'jacksonObjectMapper' of type [com.fasterxml.jackson.databind.ObjectMapper] is not eligible for getting processed by all BeanPostProcessors (for example: not eligible for auto-proxying)
2020-12-16T22:28:51.910+0700 INFO Bean 'mappingJackson2HttpMessageConverter' of type [org.springframework.http.converter.json.MappingJackson2HttpMessageConverter] is not eligible for getting processed by all BeanPostProcessors (for example: not eligible for auto-proxying)
2020-12-16T22:28:51.936+0700 INFO Bean 'org.springframework.data.rest.webmvc.config.RepositoryRestMvcConfiguration' of type [org.springframework.data.rest.webmvc.config.RepositoryRestMvcConfiguration] is not eligible for getting processed by all BeanPostProcessors (for example: not eligible for auto-proxying)
2020-12-16T22:28:52.351+0700 INFO Tomcat initialized with port(s): 8090 (http)
2020-12-16T22:28:52.370+0700 INFO Initializing ProtocolHandler ["http-nio-8090"]
2020-12-16T22:28:52.406+0700 INFO Starting service [Tomcat]
2020-12-16T22:28:52.408+0700 INFO Starting Servlet engine: [Apache Tomcat/9.0.41]
2020-12-16T22:28:52.626+0700 INFO Initializing Spring embedded WebApplicationContext
2020-12-16T22:28:52.627+0700 INFO Root WebApplicationContext: initialization completed in 2826 ms
2020-12-16T22:28:53.124+0700 INFO Initializing ExecutorService 'applicationTaskExecutor'
2020-12-16T22:28:53.284+0700 INFO Adding welcome page: class path resource [static/index.html]
2020-12-16T22:28:53.653+0700 INFO Starting ProtocolHandler ["http-nio-8090"]
2020-12-16T22:28:53.692+0700 INFO Tomcat started on port(s): 8090 (http) with context path ''
2020-12-16T22:28:53.706+0700 INFO Started AppApplication in 4.644 seconds (JVM running for 6.633)
2020-12-16T22:41:22.376+0700 INFO Initializing Spring DispatcherServlet 'dispatcherServlet'
2020-12-16T22:41:22.380+0700 INFO Initializing Servlet 'dispatcherServlet'
2020-12-16T22:41:22.385+0700 INFO Completed initialization in 4 ms
2020-12-16T22:48:26.770+0700 INFO Shutting down ExecutorService 'applicationTaskExecutor'
2020-12-16T22:51:50.045+0700 INFO Starting AppApplication using Java 11.0.8 on DESKTOP-C1CGSIQ with PID 8052 (C:\Users\TRANTUANVU\Desktop\spring-app-agriculture\target\classes started by TRANTUANVU in C:\Users\TRANTUANVU\Desktop\spring-app-agriculture)
2020-12-16T22:51:50.061+0700 INFO No active profile set, falling back to default profiles: default
2020-12-16T22:51:51.820+0700 INFO Bean 'org.springframework.hateoas.config.HateoasConfiguration' of type [org.springframework.hateoas.config.HateoasConfiguration] is not eligible for getting processed by all BeanPostProcessors (for example: not eligible for auto-proxying)
2020-12-16T22:51:51.829+0700 INFO Bean 'relProviderPluginRegistry' of type [org.springframework.plugin.core.support.PluginRegistryFactoryBean] is not eligible for getting processed by all BeanPostProcessors (for example: not eligible for auto-proxying)
2020-12-16T22:51:51.876+0700 INFO Bean 'relProviderPluginRegistry' of type [org.springframework.plugin.core.OrderAwarePluginRegistry] is not eligible for getting processed by all BeanPostProcessors (for example: not eligible for auto-proxying)
2020-12-16T22:51:51.922+0700 INFO Bean '_relProvider' of type [org.springframework.hateoas.server.core.DelegatingLinkRelationProvider] is not eligible for getting processed by all BeanPostProcessors (for example: not eligible for auto-proxying)
2020-12-16T22:51:51.936+0700 INFO Bean 'messageResolver' of type [org.springframework.hateoas.mediatype.MessageSourceResolver] is not eligible for getting processed by all BeanPostProcessors (for example: not eligible for auto-proxying)
2020-12-16T22:51:52.012+0700 INFO Bean 'org.springframework.data.web.config.SpringDataJacksonConfiguration' of type [org.springframework.data.web.config.SpringDataJacksonConfiguration] is not eligible for getting processed by all BeanPostProcessors (for example: not eligible for auto-proxying)
2020-12-16T22:51:52.023+0700 INFO Bean 'jacksonGeoModule' of type [org.springframework.data.geo.GeoModule] is not eligible for getting processed by all BeanPostProcessors (for example: not eligible for auto-proxying)
2020-12-16T22:51:52.047+0700 INFO Bean 'org.springframework.boot.autoconfigure.data.rest.RepositoryRestMvcAutoConfiguration' of type [org.springframework.boot.autoconfigure.data.rest.RepositoryRestMvcAutoConfiguration] is not eligible for getting processed by all BeanPostProcessors (for example: not eligible for auto-proxying)
2020-12-16T22:51:52.082+0700 INFO Bean 'org.springframework.boot.autoconfigure.jackson.JacksonAutoConfiguration$JacksonObjectMapperBuilderConfiguration' of type [org.springframework.boot.autoconfigure.jackson.JacksonAutoConfiguration$JacksonObjectMapperBuilderConfiguration] is not eligible for getting processed by all BeanPostProcessors (for example: not eligible for auto-proxying)
2020-12-16T22:51:52.086+0700 INFO Bean 'org.springframework.boot.autoconfigure.jackson.JacksonAutoConfiguration$Jackson2ObjectMapperBuilderCustomizerConfiguration' of type [org.springframework.boot.autoconfigure.jackson.JacksonAutoConfiguration$Jackson2ObjectMapperBuilderCustomizerConfiguration] is not eligible for getting processed by all BeanPostProcessors (for example: not eligible for auto-proxying)
2020-12-16T22:51:52.111+0700 INFO Bean 'spring.jackson-org.springframework.boot.autoconfigure.jackson.JacksonProperties' of type [org.springframework.boot.autoconfigure.jackson.JacksonProperties] is not eligible for getting processed by all BeanPostProcessors (for example: not eligible for auto-proxying)
2020-12-16T22:51:52.148+0700 INFO Bean 'standardJacksonObjectMapperBuilderCustomizer' of type [org.springframework.boot.autoconfigure.jackson.JacksonAutoConfiguration$Jackson2ObjectMapperBuilderCustomizerConfiguration$StandardJackson2ObjectMapperBuilderCustomizer] is not eligible for getting processed by all BeanPostProcessors (for example: not eligible for auto-proxying)
2020-12-16T22:51:52.152+0700 INFO Bean 'org.springframework.boot.autoconfigure.jackson.JacksonAutoConfiguration$ParameterNamesModuleConfiguration' of type [org.springframework.boot.autoconfigure.jackson.JacksonAutoConfiguration$ParameterNamesModuleConfiguration] is not eligible for getting processed by all BeanPostProcessors (for example: not eligible for auto-proxying)
2020-12-16T22:51:52.155+0700 INFO Bean 'parameterNamesModule' of type [com.fasterxml.jackson.module.paramnames.ParameterNamesModule] is not eligible for getting processed by all BeanPostProcessors (for example: not eligible for auto-proxying)
2020-12-16T22:51:52.157+0700 INFO Bean 'org.springframework.boot.autoconfigure.jackson.JacksonAutoConfiguration' of type [org.springframework.boot.autoconfigure.jackson.JacksonAutoConfiguration] is not eligible for getting processed by all BeanPostProcessors (for example: not eligible for auto-proxying)
2020-12-16T22:51:52.170+0700 INFO Bean 'jsonComponentModule' of type [org.springframework.boot.jackson.JsonComponentModule] is not eligible for getting processed by all BeanPostProcessors (for example: not eligible for auto-proxying)
2020-12-16T22:51:52.223+0700 INFO Bean 'jacksonObjectMapperBuilder' of type [org.springframework.http.converter.json.Jackson2ObjectMapperBuilder] is not eligible for getting processed by all BeanPostProcessors (for example: not eligible for auto-proxying)
2020-12-16T22:51:52.236+0700 INFO Bean 'spring.data.rest-org.springframework.boot.autoconfigure.data.rest.RepositoryRestProperties' of type [org.springframework.boot.autoconfigure.data.rest.RepositoryRestProperties] is not eligible for getting processed by all BeanPostProcessors (for example: not eligible for auto-proxying)
2020-12-16T22:51:52.342+0700 INFO Bean 'springBootRepositoryRestConfigurer' of type [org.springframework.boot.autoconfigure.data.rest.SpringBootRepositoryRestConfigurer] is not eligible for getting processed by all BeanPostProcessors (for example: not eligible for auto-proxying)
2020-12-16T22:51:52.405+0700 INFO Bean 'configurerDelegate' of type [org.springframework.data.rest.webmvc.config.RepositoryRestConfigurerDelegate] is not eligible for getting processed by all BeanPostProcessors (for example: not eligible for auto-proxying)
2020-12-16T22:51:52.416+0700 INFO Bean 'org.springframework.boot.autoconfigure.http.HttpMessageConvertersAutoConfiguration$StringHttpMessageConverterConfiguration' of type [org.springframework.boot.autoconfigure.http.HttpMessageConvertersAutoConfiguration$StringHttpMessageConverterConfiguration] is not eligible for getting processed by all BeanPostProcessors (for example: not eligible for auto-proxying)
2020-12-16T22:51:52.499+0700 INFO Bean 'stringHttpMessageConverter' of type [org.springframework.http.converter.StringHttpMessageConverter] is not eligible for getting processed by all BeanPostProcessors (for example: not eligible for auto-proxying)
2020-12-16T22:51:52.549+0700 INFO Bean 'org.springframework.boot.autoconfigure.http.JacksonHttpMessageConvertersConfiguration$MappingJackson2HttpMessageConverterConfiguration' of type [org.springframework.boot.autoconfigure.http.JacksonHttpMessageConvertersConfiguration$MappingJackson2HttpMessageConverterConfiguration] is not eligible for getting processed by all BeanPostProcessors (for example: not eligible for auto-proxying)
2020-12-16T22:51:52.552+0700 INFO Bean 'org.springframework.boot.autoconfigure.jackson.JacksonAutoConfiguration$JacksonObjectMapperConfiguration' of type [org.springframework.boot.autoconfigure.jackson.JacksonAutoConfiguration$JacksonObjectMapperConfiguration] is not eligible for getting processed by all BeanPostProcessors (for example: not eligible for auto-proxying)
2020-12-16T22:51:52.561+0700 INFO Bean 'jacksonObjectMapperBuilder' of type [org.springframework.http.converter.json.Jackson2ObjectMapperBuilder] is not eligible for getting processed by all BeanPostProcessors (for example: not eligible for auto-proxying)
2020-12-16T22:51:52.647+0700 INFO Bean 'jacksonObjectMapper' of type [com.fasterxml.jackson.databind.ObjectMapper] is not eligible for getting processed by all BeanPostProcessors (for example: not eligible for auto-proxying)
2020-12-16T22:51:52.701+0700 INFO Bean 'mappingJackson2HttpMessageConverter' of type [org.springframework.http.converter.json.MappingJackson2HttpMessageConverter] is not eligible for getting processed by all BeanPostProcessors (for example: not eligible for auto-proxying)
2020-12-16T22:51:52.703+0700 INFO Bean 'org.springframework.data.rest.webmvc.config.RepositoryRestMvcConfiguration' of type [org.springframework.data.rest.webmvc.config.RepositoryRestMvcConfiguration] is not eligible for getting processed by all BeanPostProcessors (for example: not eligible for auto-proxying)
2020-12-16T22:51:53.408+0700 INFO Tomcat initialized with port(s): 8090 (http)
2020-12-16T22:51:53.431+0700 INFO Initializing ProtocolHandler ["http-nio-8090"]
2020-12-16T22:51:53.478+0700 INFO Starting service [Tomcat]
2020-12-16T22:51:53.480+0700 INFO Starting Servlet engine: [Apache Tomcat/9.0.41]
2020-12-16T22:51:53.770+0700 INFO Initializing Spring embedded WebApplicationContext
2020-12-16T22:51:53.771+0700 INFO Root WebApplicationContext: initialization completed in 3597 ms
2020-12-16T22:51:54.530+0700 INFO Initializing ExecutorService 'applicationTaskExecutor'
2020-12-16T22:51:54.822+0700 INFO Adding welcome page: class path resource [static/index.html]
2020-12-16T22:51:55.456+0700 INFO Starting ProtocolHandler ["http-nio-8090"]
2020-12-16T22:51:55.502+0700 INFO Tomcat started on port(s): 8090 (http) with context path ''
2020-12-16T22:51:55.523+0700 INFO Started AppApplication in 6.206 seconds (JVM running for 8.202)
2020-12-16T22:53:14.237+0700 INFO Shutting down ExecutorService 'applicationTaskExecutor'
2020-12-16T22:53:30.519+0700 INFO Starting AppApplication using Java 11.0.8 on DESKTOP-C1CGSIQ with PID 14856 (C:\Users\TRANTUANVU\Desktop\spring-app-agriculture\target\classes started by TRANTUANVU in C:\Users\TRANTUANVU\Desktop\spring-app-agriculture)
2020-12-16T22:53:30.538+0700 INFO No active profile set, falling back to default profiles: default
2020-12-16T22:53:32.144+0700 INFO Bean 'org.springframework.hateoas.config.HateoasConfiguration' of type [org.springframework.hateoas.config.HateoasConfiguration] is not eligible for getting processed by all BeanPostProcessors (for example: not eligible for auto-proxying)
2020-12-16T22:53:32.151+0700 INFO Bean 'relProviderPluginRegistry' of type [org.springframework.plugin.core.support.PluginRegistryFactoryBean] is not eligible for getting processed by all BeanPostProcessors (for example: not eligible for auto-proxying)
2020-12-16T22:53:32.179+0700 INFO Bean 'relProviderPluginRegistry' of type [org.springframework.plugin.core.OrderAwarePluginRegistry] is not eligible for getting processed by all BeanPostProcessors (for example: not eligible for auto-proxying)
2020-12-16T22:53:32.182+0700 INFO Bean '_relProvider' of type [org.springframework.hateoas.server.core.DelegatingLinkRelationProvider] is not eligible for getting processed by all BeanPostProcessors (for example: not eligible for auto-proxying)
2020-12-16T22:53:32.190+0700 INFO Bean 'messageResolver' of type [org.springframework.hateoas.mediatype.MessageSourceResolver] is not eligible for getting processed by all BeanPostProcessors (for example: not eligible for auto-proxying)
2020-12-16T22:53:32.223+0700 INFO Bean 'org.springframework.data.web.config.SpringDataJacksonConfiguration' of type [org.springframework.data.web.config.SpringDataJacksonConfiguration] is not eligible for getting processed by all BeanPostProcessors (for example: not eligible for auto-proxying)
2020-12-16T22:53:32.232+0700 INFO Bean 'jacksonGeoModule' of type [org.springframework.data.geo.GeoModule] is not eligible for getting processed by all BeanPostProcessors (for example: not eligible for auto-proxying)
2020-12-16T22:53:32.252+0700 INFO Bean 'org.springframework.boot.autoconfigure.data.rest.RepositoryRestMvcAutoConfiguration' of type [org.springframework.boot.autoconfigure.data.rest.RepositoryRestMvcAutoConfiguration] is not eligible for getting processed by all BeanPostProcessors (for example: not eligible for auto-proxying)
2020-12-16T22:53:32.277+0700 INFO Bean 'org.springframework.boot.autoconfigure.jackson.JacksonAutoConfiguration$JacksonObjectMapperBuilderConfiguration' of type [org.springframework.boot.autoconfigure.jackson.JacksonAutoConfiguration$JacksonObjectMapperBuilderConfiguration] is not eligible for getting processed by all BeanPostProcessors (for example: not eligible for auto-proxying)
2020-12-16T22:53:32.280+0700 INFO Bean 'org.springframework.boot.autoconfigure.jackson.JacksonAutoConfiguration$Jackson2ObjectMapperBuilderCustomizerConfiguration' of type [org.springframework.boot.autoconfigure.jackson.JacksonAutoConfiguration$Jackson2ObjectMapperBuilderCustomizerConfiguration] is not eligible for getting processed by all BeanPostProcessors (for example: not eligible for auto-proxying)
2020-12-16T22:53:32.303+0700 INFO Bean 'spring.jackson-org.springframework.boot.autoconfigure.jackson.JacksonProperties' of type [org.springframework.boot.autoconfigure.jackson.JacksonProperties] is not eligible for getting processed by all BeanPostProcessors (for example: not eligible for auto-proxying)
2020-12-16T22:53:32.329+0700 INFO Bean 'standardJacksonObjectMapperBuilderCustomizer' of type [org.springframework.boot.autoconfigure.jackson.JacksonAutoConfiguration$Jackson2ObjectMapperBuilderCustomizerConfiguration$StandardJackson2ObjectMapperBuilderCustomizer] is not eligible for getting processed by all BeanPostProcessors (for example: not eligible for auto-proxying)
2020-12-16T22:53:32.332+0700 INFO Bean 'org.springframework.boot.autoconfigure.jackson.JacksonAutoConfiguration$ParameterNamesModuleConfiguration' of type [org.springframework.boot.autoconfigure.jackson.JacksonAutoConfiguration$ParameterNamesModuleConfiguration] is not eligible for getting processed by all BeanPostProcessors (for example: not eligible for auto-proxying)
2020-12-16T22:53:32.335+0700 INFO Bean 'parameterNamesModule' of type [com.fasterxml.jackson.module.paramnames.ParameterNamesModule] is not eligible for getting processed by all BeanPostProcessors (for example: not eligible for auto-proxying)
2020-12-16T22:53:32.336+0700 INFO Bean 'org.springframework.boot.autoconfigure.jackson.JacksonAutoConfiguration' of type [org.springframework.boot.autoconfigure.jackson.JacksonAutoConfiguration] is not eligible for getting processed by all BeanPostProcessors (for example: not eligible for auto-proxying)
2020-12-16T22:53:32.353+0700 INFO Bean 'jsonComponentModule' of type [org.springframework.boot.jackson.JsonComponentModule] is not eligible for getting processed by all BeanPostProcessors (for example: not eligible for auto-proxying)
2020-12-16T22:53:32.385+0700 INFO Bean 'jacksonObjectMapperBuilder' of type [org.springframework.http.converter.json.Jackson2ObjectMapperBuilder] is not eligible for getting processed by all BeanPostProcessors (for example: not eligible for auto-proxying)
2020-12-16T22:53:32.395+0700 INFO Bean 'spring.data.rest-org.springframework.boot.autoconfigure.data.rest.RepositoryRestProperties' of type [org.springframework.boot.autoconfigure.data.rest.RepositoryRestProperties] is not eligible for getting processed by all BeanPostProcessors (for example: not eligible for auto-proxying)
2020-12-16T22:53:32.433+0700 INFO Bean 'springBootRepositoryRestConfigurer' of type [org.springframework.boot.autoconfigure.data.rest.SpringBootRepositoryRestConfigurer] is not eligible for getting processed by all BeanPostProcessors (for example: not eligible for auto-proxying)
2020-12-16T22:53:32.436+0700 INFO Bean 'configurerDelegate' of type [org.springframework.data.rest.webmvc.config.RepositoryRestConfigurerDelegate] is not eligible for getting processed by all BeanPostProcessors (for example: not eligible for auto-proxying)
2020-12-16T22:53:32.445+0700 INFO Bean 'org.springframework.boot.autoconfigure.http.HttpMessageConvertersAutoConfiguration$StringHttpMessageConverterConfiguration' of type [org.springframework.boot.autoconfigure.http.HttpMessageConvertersAutoConfiguration$StringHttpMessageConverterConfiguration] is not eligible for getting processed by all BeanPostProcessors (for example: not eligible for auto-proxying)
2020-12-16T22:53:32.556+0700 INFO Bean 'stringHttpMessageConverter' of type [org.springframework.http.converter.StringHttpMessageConverter] is not eligible for getting processed by all BeanPostProcessors (for example: not eligible for auto-proxying)
2020-12-16T22:53:32.588+0700 INFO Bean 'org.springframework.boot.autoconfigure.http.JacksonHttpMessageConvertersConfiguration$MappingJackson2HttpMessageConverterConfiguration' of type [org.springframework.boot.autoconfigure.http.JacksonHttpMessageConvertersConfiguration$MappingJackson2HttpMessageConverterConfiguration] is not eligible for getting processed by all BeanPostProcessors (for example: not eligible for auto-proxying)
2020-12-16T22:53:32.591+0700 INFO Bean 'org.springframework.boot.autoconfigure.jackson.JacksonAutoConfiguration$JacksonObjectMapperConfiguration' of type [org.springframework.boot.autoconfigure.jackson.JacksonAutoConfiguration$JacksonObjectMapperConfiguration] is not eligible for getting processed by all BeanPostProcessors (for example: not eligible for auto-proxying)
2020-12-16T22:53:32.599+0700 INFO Bean 'jacksonObjectMapperBuilder' of type [org.springframework.http.converter.json.Jackson2ObjectMapperBuilder] is not eligible for getting processed by all BeanPostProcessors (for example: not eligible for auto-proxying)
2020-12-16T22:53:32.628+0700 INFO Bean 'jacksonObjectMapper' of type [com.fasterxml.jackson.databind.ObjectMapper] is not eligible for getting processed by all BeanPostProcessors (for example: not eligible for auto-proxying)
2020-12-16T22:53:32.666+0700 INFO Bean 'mappingJackson2HttpMessageConverter' of type [org.springframework.http.converter.json.MappingJackson2HttpMessageConverter] is not eligible for getting processed by all BeanPostProcessors (for example: not eligible for auto-proxying)
2020-12-16T22:53:32.668+0700 INFO Bean 'org.springframework.data.rest.webmvc.config.RepositoryRestMvcConfiguration' of type [org.springframework.data.rest.webmvc.config.RepositoryRestMvcConfiguration] is not eligible for getting processed by all BeanPostProcessors (for example: not eligible for auto-proxying)
2020-12-16T22:53:33.127+0700 INFO Tomcat initialized with port(s): 8090 (http)
2020-12-16T22:53:33.138+0700 INFO Initializing ProtocolHandler ["http-nio-8090"]
2020-12-16T22:53:33.164+0700 INFO Starting service [Tomcat]
2020-12-16T22:53:33.165+0700 INFO Starting Servlet engine: [Apache Tomcat/9.0.41]
2020-12-16T22:53:33.344+0700 INFO Initializing Spring embedded WebApplicationContext
2020-12-16T22:53:33.344+0700 INFO Root WebApplicationContext: initialization completed in 2693 ms
2020-12-16T22:53:33.824+0700 INFO Initializing ExecutorService 'applicationTaskExecutor'
2020-12-16T22:53:33.962+0700 INFO Adding welcome page: class path resource [static/index.html]
2020-12-16T22:53:34.284+0700 INFO Starting ProtocolHandler ["http-nio-8090"]
2020-12-16T22:53:34.313+0700 INFO Tomcat started on port(s): 8090 (http) with context path ''
2020-12-16T22:53:34.331+0700 INFO Started AppApplication in 4.615 seconds (JVM running for 6.638)
2020-12-16T22:55:22.968+0700 INFO Shutting down ExecutorService 'applicationTaskExecutor'
2020-12-16T22:55:45.795+0700 INFO Starting AppApplication using Java 11.0.8 on DESKTOP-C1CGSIQ with PID 10860 (C:\Users\TRANTUANVU\Desktop\spring-app-agriculture\target\classes started by TRANTUANVU in C:\Users\TRANTUANVU\Desktop\spring-app-agriculture)
2020-12-16T22:55:45.808+0700 INFO No active profile set, falling back to default profiles: default
2020-12-16T22:55:47.306+0700 INFO Bean 'org.springframework.hateoas.config.HateoasConfiguration' of type [org.springframework.hateoas.config.HateoasConfiguration] is not eligible for getting processed by all BeanPostProcessors (for example: not eligible for auto-proxying)
2020-12-16T22:55:47.311+0700 INFO Bean 'relProviderPluginRegistry' of type [org.springframework.plugin.core.support.PluginRegistryFactoryBean] is not eligible for getting processed by all BeanPostProcessors (for example: not eligible for auto-proxying)
2020-12-16T22:55:47.336+0700 INFO Bean 'relProviderPluginRegistry' of type [org.springframework.plugin.core.OrderAwarePluginRegistry] is not eligible for getting processed by all BeanPostProcessors (for example: not eligible for auto-proxying)
2020-12-16T22:55:47.339+0700 INFO Bean '_relProvider' of type [org.springframework.hateoas.server.core.DelegatingLinkRelationProvider] is not eligible for getting processed by all BeanPostProcessors (for example: not eligible for auto-proxying)
2020-12-16T22:55:47.404+0700 INFO Bean 'messageResolver' of type [org.springframework.hateoas.mediatype.MessageSourceResolver] is not eligible for getting processed by all BeanPostProcessors (for example: not eligible for auto-proxying)
2020-12-16T22:55:47.441+0700 INFO Bean 'org.springframework.data.web.config.SpringDataJacksonConfiguration' of type [org.springframework.data.web.config.SpringDataJacksonConfiguration] is not eligible for getting processed by all BeanPostProcessors (for example: not eligible for auto-proxying)
2020-12-16T22:55:47.451+0700 INFO Bean 'jacksonGeoModule' of type [org.springframework.data.geo.GeoModule] is not eligible for getting processed by all BeanPostProcessors (for example: not eligible for auto-proxying)
2020-12-16T22:55:47.473+0700 INFO Bean 'org.springframework.boot.autoconfigure.data.rest.RepositoryRestMvcAutoConfiguration' of type [org.springframework.boot.autoconfigure.data.rest.RepositoryRestMvcAutoConfiguration] is not eligible for getting processed by all BeanPostProcessors (for example: not eligible for auto-proxying)
2020-12-16T22:55:47.499+0700 INFO Bean 'org.springframework.boot.autoconfigure.jackson.JacksonAutoConfiguration$JacksonObjectMapperBuilderConfiguration' of type [org.springframework.boot.autoconfigure.jackson.JacksonAutoConfiguration$JacksonObjectMapperBuilderConfiguration] is not eligible for getting processed by all BeanPostProcessors (for example: not eligible for auto-proxying)
2020-12-16T22:55:47.503+0700 INFO Bean 'org.springframework.boot.autoconfigure.jackson.JacksonAutoConfiguration$Jackson2ObjectMapperBuilderCustomizerConfiguration' of type [org.springframework.boot.autoconfigure.jackson.JacksonAutoConfiguration$Jackson2ObjectMapperBuilderCustomizerConfiguration] is not eligible for getting processed by all BeanPostProcessors (for example: not eligible for auto-proxying)
2020-12-16T22:55:47.526+0700 INFO Bean 'spring.jackson-org.springframework.boot.autoconfigure.jackson.JacksonProperties' of type [org.springframework.boot.autoconfigure.jackson.JacksonProperties] is not eligible for getting processed by all BeanPostProcessors (for example: not eligible for auto-proxying)
2020-12-16T22:55:47.542+0700 INFO Bean 'standardJacksonObjectMapperBuilderCustomizer' of type [org.springframework.boot.autoconfigure.jackson.JacksonAutoConfiguration$Jackson2ObjectMapperBuilderCustomizerConfiguration$StandardJackson2ObjectMapperBuilderCustomizer] is not eligible for getting processed by all BeanPostProcessors (for example: not eligible for auto-proxying)
2020-12-16T22:55:47.545+0700 INFO Bean 'org.springframework.boot.autoconfigure.jackson.JacksonAutoConfiguration$ParameterNamesModuleConfiguration' of type [org.springframework.boot.autoconfigure.jackson.JacksonAutoConfiguration$ParameterNamesModuleConfiguration] is not eligible for getting processed by all BeanPostProcessors (for example: not eligible for auto-proxying)
2020-12-16T22:55:47.547+0700 INFO Bean 'parameterNamesModule' of type [com.fasterxml.jackson.module.paramnames.ParameterNamesModule] is not eligible for getting processed by all BeanPostProcessors (for example: not eligible for auto-proxying)
2020-12-16T22:55:47.548+0700 INFO Bean 'org.springframework.boot.autoconfigure.jackson.JacksonAutoConfiguration' of type [org.springframework.boot.autoconfigure.jackson.JacksonAutoConfiguration] is not eligible for getting processed by all BeanPostProcessors (for example: not eligible for auto-proxying)
2020-12-16T22:55:47.557+0700 INFO Bean 'jsonComponentModule' of type [org.springframework.boot.jackson.JsonComponentModule] is not eligible for getting processed by all BeanPostProcessors (for example: not eligible for auto-proxying)
2020-12-16T22:55:47.593+0700 INFO Bean 'jacksonObjectMapperBuilder' of type [org.springframework.http.converter.json.Jackson2ObjectMapperBuilder] is not eligible for getting processed by all BeanPostProcessors (for example: not eligible for auto-proxying)
2020-12-16T22:55:47.601+0700 INFO Bean 'spring.data.rest-org.springframework.boot.autoconfigure.data.rest.RepositoryRestProperties' of type [org.springframework.boot.autoconfigure.data.rest.RepositoryRestProperties] is not eligible for getting processed by all BeanPostProcessors (for example: not eligible for auto-proxying)
2020-12-16T22:55:47.602+0700 INFO Bean 'springBootRepositoryRestConfigurer' of type [org.springframework.boot.autoconfigure.data.rest.SpringBootRepositoryRestConfigurer] is not eligible for getting processed by all BeanPostProcessors (for example: not eligible for auto-proxying)
2020-12-16T22:55:47.603+0700 INFO Bean 'configurerDelegate' of type [org.springframework.data.rest.webmvc.config.RepositoryRestConfigurerDelegate] is not eligible for getting processed by all BeanPostProcessors (for example: not eligible for auto-proxying)
2020-12-16T22:55:47.669+0700 INFO Bean 'org.springframework.boot.autoconfigure.http.HttpMessageConvertersAutoConfiguration$StringHttpMessageConverterConfiguration' of type [org.springframework.boot.autoconfigure.http.HttpMessageConvertersAutoConfiguration$StringHttpMessageConverterConfiguration] is not eligible for getting processed by all BeanPostProcessors (for example: not eligible for auto-proxying)
2020-12-16T22:55:47.682+0700 INFO Bean 'stringHttpMessageConverter' of type [org.springframework.http.converter.StringHttpMessageConverter] is not eligible for getting processed by all BeanPostProcessors (for example: not eligible for auto-proxying)
2020-12-16T22:55:47.730+0700 INFO Bean 'org.springframework.boot.autoconfigure.http.JacksonHttpMessageConvertersConfiguration$MappingJackson2HttpMessageConverterConfiguration' of type [org.springframework.boot.autoconfigure.http.JacksonHttpMessageConvertersConfiguration$MappingJackson2HttpMessageConverterConfiguration] is not eligible for getting processed by all BeanPostProcessors (for example: not eligible for auto-proxying)
2020-12-16T22:55:47.734+0700 INFO Bean 'org.springframework.boot.autoconfigure.jackson.JacksonAutoConfiguration$JacksonObjectMapperConfiguration' of type [org.springframework.boot.autoconfigure.jackson.JacksonAutoConfiguration$JacksonObjectMapperConfiguration] is not eligible for getting processed by all BeanPostProcessors (for example: not eligible for auto-proxying)
2020-12-16T22:55:47.745+0700 INFO Bean 'jacksonObjectMapperBuilder' of type [org.springframework.http.converter.json.Jackson2ObjectMapperBuilder] is not eligible for getting processed by all BeanPostProcessors (for example: not eligible for auto-proxying)
2020-12-16T22:55:47.834+0700 INFO Bean 'jacksonObjectMapper' of type [com.fasterxml.jackson.databind.ObjectMapper] is not eligible for getting processed by all BeanPostProcessors (for example: not eligible for auto-proxying)
2020-12-16T22:55:47.856+0700 INFO Bean 'mappingJackson2HttpMessageConverter' of type [org.springframework.http.converter.json.MappingJackson2HttpMessageConverter] is not eligible for getting processed by all BeanPostProcessors (for example: not eligible for auto-proxying)
2020-12-16T22:55:47.857+0700 INFO Bean 'org.springframework.data.rest.webmvc.config.RepositoryRestMvcConfiguration' of type [org.springframework.data.rest.webmvc.config.RepositoryRestMvcConfiguration] is not eligible for getting processed by all BeanPostProcessors (for example: not eligible for auto-proxying)
2020-12-16T22:55:48.265+0700 INFO Tomcat initialized with port(s): 8090 (http)
2020-12-16T22:55:48.278+0700 INFO Initializing ProtocolHandler ["http-nio-8090"]
2020-12-16T22:55:48.307+0700 INFO Starting service [Tomcat]
2020-12-16T22:55:48.308+0700 INFO Starting Servlet engine: [Apache Tomcat/9.0.41]
2020-12-16T22:55:48.472+0700 INFO Initializing Spring embedded WebApplicationContext
2020-12-16T22:55:48.472+0700 INFO Root WebApplicationContext: initialization completed in 2562 ms
2020-12-16T22:55:48.977+0700 INFO Initializing ExecutorService 'applicationTaskExecutor'
2020-12-16T22:55:49.114+0700 INFO Adding welcome page: class path resource [static/index.html]
2020-12-16T22:55:49.669+0700 INFO Starting ProtocolHandler ["http-nio-8090"]
2020-12-16T22:55:49.733+0700 INFO Tomcat started on port(s): 8090 (http) with context path ''
2020-12-16T22:55:49.763+0700 INFO Started AppApplication in 4.677 seconds (JVM running for 6.708)
2020-12-16T22:58:28.741+0700 INFO Shutting down ExecutorService 'applicationTaskExecutor'
2020-12-16T22:58:56.558+0700 INFO Starting AppApplication using Java 11.0.8 on DESKTOP-C1CGSIQ with PID 4440 (C:\Users\TRANTUANVU\Desktop\spring-app-agriculture\target\classes started by TRANTUANVU in C:\Users\TRANTUANVU\Desktop\spring-app-agriculture)
2020-12-16T22:58:56.574+0700 INFO No active profile set, falling back to default profiles: default
2020-12-16T22:58:57.818+0700 INFO Bootstrapping Spring Data JPA repositories in DEFAULT mode.
2020-12-16T22:58:57.922+0700 INFO Finished Spring Data repository scanning in 89 ms. Found 1 JPA repository interfaces.
2020-12-16T22:58:58.544+0700 INFO Bean 'org.springframework.hateoas.config.HateoasConfiguration' of type [org.springframework.hateoas.config.HateoasConfiguration] is not eligible for getting processed by all BeanPostProcessors (for example: not eligible for auto-proxying)
2020-12-16T22:58:58.552+0700 INFO Bean 'relProviderPluginRegistry' of type [org.springframework.plugin.core.support.PluginRegistryFactoryBean] is not eligible for getting processed by all BeanPostProcessors (for example: not eligible for auto-proxying)
2020-12-16T22:58:58.565+0700 INFO Bean 'relProviderPluginRegistry' of type [org.springframework.plugin.core.OrderAwarePluginRegistry] is not eligible for getting processed by all BeanPostProcessors (for example: not eligible for auto-proxying)
2020-12-16T22:58:58.605+0700 INFO Bean '_relProvider' of type [org.springframework.hateoas.server.core.DelegatingLinkRelationProvider] is not eligible for getting processed by all BeanPostProcessors (for example: not eligible for auto-proxying)
2020-12-16T22:58:58.618+0700 INFO Bean 'messageResolver' of type [org.springframework.hateoas.mediatype.MessageSourceResolver] is not eligible for getting processed by all BeanPostProcessors (for example: not eligible for auto-proxying)
2020-12-16T22:58:58.652+0700 INFO Bean 'org.springframework.data.web.config.SpringDataJacksonConfiguration' of type [org.springframework.data.web.config.SpringDataJacksonConfiguration] is not eligible for getting processed by all BeanPostProcessors (for example: not eligible for auto-proxying)
2020-12-16T22:58:58.664+0700 INFO Bean 'jacksonGeoModule' of type [org.springframework.data.geo.GeoModule] is not eligible for getting processed by all BeanPostProcessors (for example: not eligible for auto-proxying)
2020-12-16T22:58:58.772+0700 INFO Bean 'org.springframework.boot.autoconfigure.data.rest.RepositoryRestMvcAutoConfiguration' of type [org.springframework.boot.autoconfigure.data.rest.RepositoryRestMvcAutoConfiguration] is not eligible for getting processed by all BeanPostProcessors (for example: not eligible for auto-proxying)
2020-12-16T22:58:58.807+0700 INFO Bean 'org.springframework.boot.autoconfigure.jackson.JacksonAutoConfiguration$JacksonObjectMapperBuilderConfiguration' of type [org.springframework.boot.autoconfigure.jackson.JacksonAutoConfiguration$JacksonObjectMapperBuilderConfiguration] is not eligible for getting processed by all BeanPostProcessors (for example: not eligible for auto-proxying)
2020-12-16T22:58:58.811+0700 INFO Bean 'org.springframework.boot.autoconfigure.jackson.JacksonAutoConfiguration$Jackson2ObjectMapperBuilderCustomizerConfiguration' of type [org.springframework.boot.autoconfigure.jackson.JacksonAutoConfiguration$Jackson2ObjectMapperBuilderCustomizerConfiguration] is not eligible for getting processed by all BeanPostProcessors (for example: not eligible for auto-proxying)
2020-12-16T22:58:58.876+0700 INFO Bean 'org.springframework.boot.autoconfigure.flyway.FlywayAutoConfiguration' of type [org.springframework.boot.autoconfigure.flyway.FlywayAutoConfiguration] is not eligible for getting processed by all BeanPostProcessors (for example: not eligible for auto-proxying)
2020-12-16T22:58:58.884+0700 INFO Bean 'stringOrNumberMigrationVersionConverter' of type [org.springframework.boot.autoconfigure.flyway.FlywayAutoConfiguration$StringOrNumberToMigrationVersionConverter] is not eligible for getting processed by all BeanPostProcessors (for example: not eligible for auto-proxying)
2020-12-16T22:58:58.989+0700 INFO Bean 'spring.jackson-org.springframework.boot.autoconfigure.jackson.JacksonProperties' of type [org.springframework.boot.autoconfigure.jackson.JacksonProperties] is not eligible for getting processed by all BeanPostProcessors (for example: not eligible for auto-proxying)
2020-12-16T22:58:59.034+0700 INFO Bean 'standardJacksonObjectMapperBuilderCustomizer' of type [org.springframework.boot.autoconfigure.jackson.JacksonAutoConfiguration$Jackson2ObjectMapperBuilderCustomizerConfiguration$StandardJackson2ObjectMapperBuilderCustomizer] is not eligible for getting processed by all BeanPostProcessors (for example: not eligible for auto-proxying)
2020-12-16T22:58:59.038+0700 INFO Bean 'org.springframework.boot.autoconfigure.jackson.JacksonAutoConfiguration$ParameterNamesModuleConfiguration' of type [org.springframework.boot.autoconfigure.jackson.JacksonAutoConfiguration$ParameterNamesModuleConfiguration] is not eligible for getting processed by all BeanPostProcessors (for example: not eligible for auto-proxying)
2020-12-16T22:58:59.042+0700 INFO Bean 'parameterNamesModule' of type [com.fasterxml.jackson.module.paramnames.ParameterNamesModule] is not eligible for getting processed by all BeanPostProcessors (for example: not eligible for auto-proxying)
2020-12-16T22:58:59.046+0700 INFO Bean 'org.springframework.boot.autoconfigure.jackson.JacksonAutoConfiguration' of type [org.springframework.boot.autoconfigure.jackson.JacksonAutoConfiguration] is not eligible for getting processed by all BeanPostProcessors (for example: not eligible for auto-proxying)
2020-12-16T22:58:59.120+0700 INFO Bean 'jsonComponentModule' of type [org.springframework.boot.jackson.JsonComponentModule] is not eligible for getting processed by all BeanPostProcessors (for example: not eligible for auto-proxying)
2020-12-16T22:58:59.180+0700 INFO Bean 'jacksonObjectMapperBuilder' of type [org.springframework.http.converter.json.Jackson2ObjectMapperBuilder] is not eligible for getting processed by all BeanPostProcessors (for example: not eligible for auto-proxying)
2020-12-16T22:58:59.240+0700 INFO Bean 'spring.data.rest-org.springframework.boot.autoconfigure.data.rest.RepositoryRestProperties' of type [org.springframework.boot.autoconfigure.data.rest.RepositoryRestProperties] is not eligible for getting processed by all BeanPostProcessors (for example: not eligible for auto-proxying)
2020-12-16T22:58:59.242+0700 INFO Bean 'springBootRepositoryRestConfigurer' of type [org.springframework.boot.autoconfigure.data.rest.SpringBootRepositoryRestConfigurer] is not eligible for getting processed by all BeanPostProcessors (for example: not eligible for auto-proxying)
2020-12-16T22:58:59.244+0700 INFO Bean 'configurerDelegate' of type [org.springframework.data.rest.webmvc.config.RepositoryRestConfigurerDelegate] is not eligible for getting processed by all BeanPostProcessors (for example: not eligible for auto-proxying)
2020-12-16T22:58:59.253+0700 INFO Bean 'org.springframework.boot.autoconfigure.http.HttpMessageConvertersAutoConfiguration$StringHttpMessageConverterConfiguration' of type [org.springframework.boot.autoconfigure.http.HttpMessageConvertersAutoConfiguration$StringHttpMessageConverterConfiguration] is not eligible for getting processed by all BeanPostProcessors (for example: not eligible for auto-proxying)
2020-12-16T22:58:59.310+0700 INFO Bean 'stringHttpMessageConverter' of type [org.springframework.http.converter.StringHttpMessageConverter] is not eligible for getting processed by all BeanPostProcessors (for example: not eligible for auto-proxying)
2020-12-16T22:58:59.313+0700 INFO Bean 'org.springframework.boot.autoconfigure.http.JacksonHttpMessageConvertersConfiguration$MappingJackson2HttpMessageConverterConfiguration' of type [org.springframework.boot.autoconfigure.http.JacksonHttpMessageConvertersConfiguration$MappingJackson2HttpMessageConverterConfiguration] is not eligible for getting processed by all BeanPostProcessors (for example: not eligible for auto-proxying)
2020-12-16T22:58:59.380+0700 INFO Bean 'org.springframework.boot.autoconfigure.jackson.JacksonAutoConfiguration$JacksonObjectMapperConfiguration' of type [org.springframework.boot.autoconfigure.jackson.JacksonAutoConfiguration$JacksonObjectMapperConfiguration] is not eligible for getting processed by all BeanPostProcessors (for example: not eligible for auto-proxying)
2020-12-16T22:58:59.420+0700 INFO Bean 'jacksonObjectMapperBuilder' of type [org.springframework.http.converter.json.Jackson2ObjectMapperBuilder] is not eligible for getting processed by all BeanPostProcessors (for example: not eligible for auto-proxying)
2020-12-16T22:58:59.438+0700 INFO Bean 'jacksonObjectMapper' of type [com.fasterxml.jackson.databind.ObjectMapper] is not eligible for getting processed by all BeanPostProcessors (for example: not eligible for auto-proxying)
2020-12-16T22:58:59.472+0700 INFO Bean 'mappingJackson2HttpMessageConverter' of type [org.springframework.http.converter.json.MappingJackson2HttpMessageConverter] is not eligible for getting processed by all BeanPostProcessors (for example: not eligible for auto-proxying)
2020-12-16T22:58:59.473+0700 INFO Bean 'org.springframework.data.rest.webmvc.config.RepositoryRestMvcConfiguration' of type [org.springframework.data.rest.webmvc.config.RepositoryRestMvcConfiguration] is not eligible for getting processed by all BeanPostProcessors (for example: not eligible for auto-proxying)
2020-12-16T22:58:59.889+0700 INFO Tomcat initialized with port(s): 8090 (http)
2020-12-16T22:58:59.904+0700 INFO Initializing ProtocolHandler ["http-nio-8090"]
2020-12-16T22:58:59.933+0700 INFO Starting service [Tomcat]
2020-12-16T22:58:59.934+0700 INFO Starting Servlet engine: [Apache Tomcat/9.0.41]
2020-12-16T22:59:00.079+0700 INFO Initializing Spring embedded WebApplicationContext
2020-12-16T22:59:00.079+0700 INFO Root WebApplicationContext: initialization completed in 3419 ms
2020-12-16T22:59:00.281+0700 WARN Exception encountered during context initialization - cancelling refresh attempt: org.springframework.beans.factory.UnsatisfiedDependencyException: Error creating bean with name 'flywayInitializer' defined in class path resource [org/springframework/boot/autoconfigure/flyway/FlywayAutoConfiguration$FlywayConfiguration.class]: Unsatisfied dependency expressed through method 'flywayInitializer' parameter 0; nested exception is org.springframework.beans.factory.BeanCreationException: Error creating bean with name 'flyway' defined in class path resource [org/springframework/boot/autoconfigure/flyway/FlywayAutoConfiguration$FlywayConfiguration.class]: Bean instantiation via factory method failed; nested exception is org.springframework.beans.BeanInstantiationException: Failed to instantiate [org.flywaydb.core.Flyway]: Factory method 'flyway' threw exception; nested exception is org.springframework.boot.autoconfigure.flyway.FlywayMigrationScriptMissingException: Cannot find migration scripts in: [classpath:db/migration] (please add migration scripts or check your Flyway configuration)
2020-12-16T22:59:00.287+0700 INFO Stopping service [Tomcat]
2020-12-16T22:59:00.306+0700 INFO 

Error starting ApplicationContext. To display the conditions report re-run your application with 'debug' enabled.
2020-12-16T22:59:00.351+0700 ERROR 

***************************
APPLICATION FAILED TO START
***************************

Description:

Flyway failed to initialize: none of the following migration scripts locations could be found:

	- classpath:db/migration


Action:

Review the locations above or check your Flyway configuration

2020-12-16T23:00:15.684+0700 INFO Starting AppApplication using Java 11.0.8 on DESKTOP-C1CGSIQ with PID 15636 (C:\Users\TRANTUANVU\Desktop\spring-app-agriculture\target\classes started by TRANTUANVU in C:\Users\TRANTUANVU\Desktop\spring-app-agriculture)
2020-12-16T23:00:15.698+0700 INFO No active profile set, falling back to default profiles: default
2020-12-16T23:00:16.774+0700 INFO Bootstrapping Spring Data JPA repositories in DEFAULT mode.
2020-12-16T23:00:16.849+0700 INFO Finished Spring Data repository scanning in 65 ms. Found 1 JPA repository interfaces.
2020-12-16T23:00:17.283+0700 INFO Bean 'org.springframework.hateoas.config.HateoasConfiguration' of type [org.springframework.hateoas.config.HateoasConfiguration] is not eligible for getting processed by all BeanPostProcessors (for example: not eligible for auto-proxying)
2020-12-16T23:00:17.289+0700 INFO Bean 'relProviderPluginRegistry' of type [org.springframework.plugin.core.support.PluginRegistryFactoryBean] is not eligible for getting processed by all BeanPostProcessors (for example: not eligible for auto-proxying)
2020-12-16T23:00:17.313+0700 INFO Bean 'relProviderPluginRegistry' of type [org.springframework.plugin.core.OrderAwarePluginRegistry] is not eligible for getting processed by all BeanPostProcessors (for example: not eligible for auto-proxying)
2020-12-16T23:00:17.318+0700 INFO Bean '_relProvider' of type [org.springframework.hateoas.server.core.DelegatingLinkRelationProvider] is not eligible for getting processed by all BeanPostProcessors (for example: not eligible for auto-proxying)
2020-12-16T23:00:17.330+0700 INFO Bean 'messageResolver' of type [org.springframework.hateoas.mediatype.MessageSourceResolver] is not eligible for getting processed by all BeanPostProcessors (for example: not eligible for auto-proxying)
2020-12-16T23:00:17.351+0700 INFO Bean 'org.springframework.data.web.config.SpringDataJacksonConfiguration' of type [org.springframework.data.web.config.SpringDataJacksonConfiguration] is not eligible for getting processed by all BeanPostProcessors (for example: not eligible for auto-proxying)
2020-12-16T23:00:17.362+0700 INFO Bean 'jacksonGeoModule' of type [org.springframework.data.geo.GeoModule] is not eligible for getting processed by all BeanPostProcessors (for example: not eligible for auto-proxying)
2020-12-16T23:00:17.405+0700 INFO Bean 'org.springframework.boot.autoconfigure.data.rest.RepositoryRestMvcAutoConfiguration' of type [org.springframework.boot.autoconfigure.data.rest.RepositoryRestMvcAutoConfiguration] is not eligible for getting processed by all BeanPostProcessors (for example: not eligible for auto-proxying)
2020-12-16T23:00:17.433+0700 INFO Bean 'org.springframework.boot.autoconfigure.jackson.JacksonAutoConfiguration$JacksonObjectMapperBuilderConfiguration' of type [org.springframework.boot.autoconfigure.jackson.JacksonAutoConfiguration$JacksonObjectMapperBuilderConfiguration] is not eligible for getting processed by all BeanPostProcessors (for example: not eligible for auto-proxying)
2020-12-16T23:00:17.435+0700 INFO Bean 'org.springframework.boot.autoconfigure.jackson.JacksonAutoConfiguration$Jackson2ObjectMapperBuilderCustomizerConfiguration' of type [org.springframework.boot.autoconfigure.jackson.JacksonAutoConfiguration$Jackson2ObjectMapperBuilderCustomizerConfiguration] is not eligible for getting processed by all BeanPostProcessors (for example: not eligible for auto-proxying)
2020-12-16T23:00:17.451+0700 INFO Bean 'org.springframework.boot.autoconfigure.flyway.FlywayAutoConfiguration' of type [org.springframework.boot.autoconfigure.flyway.FlywayAutoConfiguration] is not eligible for getting processed by all BeanPostProcessors (for example: not eligible for auto-proxying)
2020-12-16T23:00:17.475+0700 INFO Bean 'stringOrNumberMigrationVersionConverter' of type [org.springframework.boot.autoconfigure.flyway.FlywayAutoConfiguration$StringOrNumberToMigrationVersionConverter] is not eligible for getting processed by all BeanPostProcessors (for example: not eligible for auto-proxying)
2020-12-16T23:00:17.483+0700 INFO Bean 'spring.jackson-org.springframework.boot.autoconfigure.jackson.JacksonProperties' of type [org.springframework.boot.autoconfigure.jackson.JacksonProperties] is not eligible for getting processed by all BeanPostProcessors (for example: not eligible for auto-proxying)
2020-12-16T23:00:17.484+0700 INFO Bean 'standardJacksonObjectMapperBuilderCustomizer' of type [org.springframework.boot.autoconfigure.jackson.JacksonAutoConfiguration$Jackson2ObjectMapperBuilderCustomizerConfiguration$StandardJackson2ObjectMapperBuilderCustomizer] is not eligible for getting processed by all BeanPostProcessors (for example: not eligible for auto-proxying)
2020-12-16T23:00:17.488+0700 INFO Bean 'org.springframework.boot.autoconfigure.jackson.JacksonAutoConfiguration$ParameterNamesModuleConfiguration' of type [org.springframework.boot.autoconfigure.jackson.JacksonAutoConfiguration$ParameterNamesModuleConfiguration] is not eligible for getting processed by all BeanPostProcessors (for example: not eligible for auto-proxying)
2020-12-16T23:00:17.523+0700 INFO Bean 'parameterNamesModule' of type [com.fasterxml.jackson.module.paramnames.ParameterNamesModule] is not eligible for getting processed by all BeanPostProcessors (for example: not eligible for auto-proxying)
2020-12-16T23:00:17.525+0700 INFO Bean 'org.springframework.boot.autoconfigure.jackson.JacksonAutoConfiguration' of type [org.springframework.boot.autoconfigure.jackson.JacksonAutoConfiguration] is not eligible for getting processed by all BeanPostProcessors (for example: not eligible for auto-proxying)
2020-12-16T23:00:17.532+0700 INFO Bean 'jsonComponentModule' of type [org.springframework.boot.jackson.JsonComponentModule] is not eligible for getting processed by all BeanPostProcessors (for example: not eligible for auto-proxying)
2020-12-16T23:00:17.536+0700 INFO Bean 'jacksonObjectMapperBuilder' of type [org.springframework.http.converter.json.Jackson2ObjectMapperBuilder] is not eligible for getting processed by all BeanPostProcessors (for example: not eligible for auto-proxying)
2020-12-16T23:00:17.545+0700 INFO Bean 'spring.data.rest-org.springframework.boot.autoconfigure.data.rest.RepositoryRestProperties' of type [org.springframework.boot.autoconfigure.data.rest.RepositoryRestProperties] is not eligible for getting processed by all BeanPostProcessors (for example: not eligible for auto-proxying)
2020-12-16T23:00:17.631+0700 INFO Bean 'springBootRepositoryRestConfigurer' of type [org.springframework.boot.autoconfigure.data.rest.SpringBootRepositoryRestConfigurer] is not eligible for getting processed by all BeanPostProcessors (for example: not eligible for auto-proxying)
2020-12-16T23:00:17.634+0700 INFO Bean 'configurerDelegate' of type [org.springframework.data.rest.webmvc.config.RepositoryRestConfigurerDelegate] is not eligible for getting processed by all BeanPostProcessors (for example: not eligible for auto-proxying)
2020-12-16T23:00:17.645+0700 INFO Bean 'org.springframework.boot.autoconfigure.http.HttpMessageConvertersAutoConfiguration$StringHttpMessageConverterConfiguration' of type [org.springframework.boot.autoconfigure.http.HttpMessageConvertersAutoConfiguration$StringHttpMessageConverterConfiguration] is not eligible for getting processed by all BeanPostProcessors (for example: not eligible for auto-proxying)
2020-12-16T23:00:17.734+0700 INFO Bean 'stringHttpMessageConverter' of type [org.springframework.http.converter.StringHttpMessageConverter] is not eligible for getting processed by all BeanPostProcessors (for example: not eligible for auto-proxying)
2020-12-16T23:00:17.736+0700 INFO Bean 'org.springframework.boot.autoconfigure.http.JacksonHttpMessageConvertersConfiguration$MappingJackson2HttpMessageConverterConfiguration' of type [org.springframework.boot.autoconfigure.http.JacksonHttpMessageConvertersConfiguration$MappingJackson2HttpMessageConverterConfiguration] is not eligible for getting processed by all BeanPostProcessors (for example: not eligible for auto-proxying)
2020-12-16T23:00:17.739+0700 INFO Bean 'org.springframework.boot.autoconfigure.jackson.JacksonAutoConfiguration$JacksonObjectMapperConfiguration' of type [org.springframework.boot.autoconfigure.jackson.JacksonAutoConfiguration$JacksonObjectMapperConfiguration] is not eligible for getting processed by all BeanPostProcessors (for example: not eligible for auto-proxying)
2020-12-16T23:00:17.775+0700 INFO Bean 'jacksonObjectMapperBuilder' of type [org.springframework.http.converter.json.Jackson2ObjectMapperBuilder] is not eligible for getting processed by all BeanPostProcessors (for example: not eligible for auto-proxying)
2020-12-16T23:00:17.818+0700 INFO Bean 'jacksonObjectMapper' of type [com.fasterxml.jackson.databind.ObjectMapper] is not eligible for getting processed by all BeanPostProcessors (for example: not eligible for auto-proxying)
2020-12-16T23:00:17.842+0700 INFO Bean 'mappingJackson2HttpMessageConverter' of type [org.springframework.http.converter.json.MappingJackson2HttpMessageConverter] is not eligible for getting processed by all BeanPostProcessors (for example: not eligible for auto-proxying)
2020-12-16T23:00:17.870+0700 INFO Bean 'org.springframework.data.rest.webmvc.config.RepositoryRestMvcConfiguration' of type [org.springframework.data.rest.webmvc.config.RepositoryRestMvcConfiguration] is not eligible for getting processed by all BeanPostProcessors (for example: not eligible for auto-proxying)
2020-12-16T23:00:18.268+0700 INFO Tomcat initialized with port(s): 8090 (http)
2020-12-16T23:00:18.279+0700 INFO Initializing ProtocolHandler ["http-nio-8090"]
2020-12-16T23:00:18.316+0700 INFO Starting service [Tomcat]
2020-12-16T23:00:18.317+0700 INFO Starting Servlet engine: [Apache Tomcat/9.0.41]
2020-12-16T23:00:18.473+0700 INFO Initializing Spring embedded WebApplicationContext
2020-12-16T23:00:18.474+0700 INFO Root WebApplicationContext: initialization completed in 2693 ms
2020-12-16T23:00:18.662+0700 WARN Exception encountered during context initialization - cancelling refresh attempt: org.springframework.beans.factory.UnsatisfiedDependencyException: Error creating bean with name 'flywayInitializer' defined in class path resource [org/springframework/boot/autoconfigure/flyway/FlywayAutoConfiguration$FlywayConfiguration.class]: Unsatisfied dependency expressed through method 'flywayInitializer' parameter 0; nested exception is org.springframework.beans.factory.BeanCreationException: Error creating bean with name 'flyway' defined in class path resource [org/springframework/boot/autoconfigure/flyway/FlywayAutoConfiguration$FlywayConfiguration.class]: Bean instantiation via factory method failed; nested exception is org.springframework.beans.BeanInstantiationException: Failed to instantiate [org.flywaydb.core.Flyway]: Factory method 'flyway' threw exception; nested exception is org.springframework.boot.autoconfigure.flyway.FlywayMigrationScriptMissingException: Cannot find migration scripts in: [classpath:db/migration] (please add migration scripts or check your Flyway configuration)
2020-12-16T23:00:18.668+0700 INFO Stopping service [Tomcat]
2020-12-16T23:00:18.712+0700 INFO 

Error starting ApplicationContext. To display the conditions report re-run your application with 'debug' enabled.
2020-12-16T23:00:18.761+0700 ERROR 

***************************
APPLICATION FAILED TO START
***************************

Description:

Flyway failed to initialize: none of the following migration scripts locations could be found:

	- classpath:db/migration


Action:

Review the locations above or check your Flyway configuration

2020-12-16T23:01:19.054+0700 INFO Starting AppApplication using Java 11.0.8 on DESKTOP-C1CGSIQ with PID 14280 (C:\Users\TRANTUANVU\Desktop\spring-app-agriculture\target\classes started by TRANTUANVU in C:\Users\TRANTUANVU\Desktop\spring-app-agriculture)
2020-12-16T23:01:19.069+0700 INFO No active profile set, falling back to default profiles: default
2020-12-16T23:01:20.122+0700 INFO Bootstrapping Spring Data JPA repositories in DEFAULT mode.
2020-12-16T23:01:20.218+0700 INFO Finished Spring Data repository scanning in 83 ms. Found 1 JPA repository interfaces.
2020-12-16T23:01:20.684+0700 INFO Bean 'org.springframework.hateoas.config.HateoasConfiguration' of type [org.springframework.hateoas.config.HateoasConfiguration] is not eligible for getting processed by all BeanPostProcessors (for example: not eligible for auto-proxying)
2020-12-16T23:01:20.691+0700 INFO Bean 'relProviderPluginRegistry' of type [org.springframework.plugin.core.support.PluginRegistryFactoryBean] is not eligible for getting processed by all BeanPostProcessors (for example: not eligible for auto-proxying)
2020-12-16T23:01:20.734+0700 INFO Bean 'relProviderPluginRegistry' of type [org.springframework.plugin.core.OrderAwarePluginRegistry] is not eligible for getting processed by all BeanPostProcessors (for example: not eligible for auto-proxying)
2020-12-16T23:01:20.793+0700 INFO Bean '_relProvider' of type [org.springframework.hateoas.server.core.DelegatingLinkRelationProvider] is not eligible for getting processed by all BeanPostProcessors (for example: not eligible for auto-proxying)
2020-12-16T23:01:20.881+0700 INFO Bean 'messageResolver' of type [org.springframework.hateoas.mediatype.MessageSourceResolver] is not eligible for getting processed by all BeanPostProcessors (for example: not eligible for auto-proxying)
2020-12-16T23:01:20.928+0700 INFO Bean 'org.springframework.data.web.config.SpringDataJacksonConfiguration' of type [org.springframework.data.web.config.SpringDataJacksonConfiguration] is not eligible for getting processed by all BeanPostProcessors (for example: not eligible for auto-proxying)
2020-12-16T23:01:20.968+0700 INFO Bean 'jacksonGeoModule' of type [org.springframework.data.geo.GeoModule] is not eligible for getting processed by all BeanPostProcessors (for example: not eligible for auto-proxying)
2020-12-16T23:01:21.002+0700 INFO Bean 'org.springframework.boot.autoconfigure.data.rest.RepositoryRestMvcAutoConfiguration' of type [org.springframework.boot.autoconfigure.data.rest.RepositoryRestMvcAutoConfiguration] is not eligible for getting processed by all BeanPostProcessors (for example: not eligible for auto-proxying)
2020-12-16T23:01:21.022+0700 INFO Bean 'org.springframework.boot.autoconfigure.jackson.JacksonAutoConfiguration$JacksonObjectMapperBuilderConfiguration' of type [org.springframework.boot.autoconfigure.jackson.JacksonAutoConfiguration$JacksonObjectMapperBuilderConfiguration] is not eligible for getting processed by all BeanPostProcessors (for example: not eligible for auto-proxying)
2020-12-16T23:01:21.026+0700 INFO Bean 'org.springframework.boot.autoconfigure.jackson.JacksonAutoConfiguration$Jackson2ObjectMapperBuilderCustomizerConfiguration' of type [org.springframework.boot.autoconfigure.jackson.JacksonAutoConfiguration$Jackson2ObjectMapperBuilderCustomizerConfiguration] is not eligible for getting processed by all BeanPostProcessors (for example: not eligible for auto-proxying)
2020-12-16T23:01:21.045+0700 INFO Bean 'spring.jackson-org.springframework.boot.autoconfigure.jackson.JacksonProperties' of type [org.springframework.boot.autoconfigure.jackson.JacksonProperties] is not eligible for getting processed by all BeanPostProcessors (for example: not eligible for auto-proxying)
2020-12-16T23:01:21.063+0700 INFO Bean 'standardJacksonObjectMapperBuilderCustomizer' of type [org.springframework.boot.autoconfigure.jackson.JacksonAutoConfiguration$Jackson2ObjectMapperBuilderCustomizerConfiguration$StandardJackson2ObjectMapperBuilderCustomizer] is not eligible for getting processed by all BeanPostProcessors (for example: not eligible for auto-proxying)
2020-12-16T23:01:21.095+0700 INFO Bean 'org.springframework.boot.autoconfigure.jackson.JacksonAutoConfiguration$ParameterNamesModuleConfiguration' of type [org.springframework.boot.autoconfigure.jackson.JacksonAutoConfiguration$ParameterNamesModuleConfiguration] is not eligible for getting processed by all BeanPostProcessors (for example: not eligible for auto-proxying)
2020-12-16T23:01:21.125+0700 INFO Bean 'parameterNamesModule' of type [com.fasterxml.jackson.module.paramnames.ParameterNamesModule] is not eligible for getting processed by all BeanPostProcessors (for example: not eligible for auto-proxying)
2020-12-16T23:01:21.180+0700 INFO Bean 'org.springframework.boot.autoconfigure.jackson.JacksonAutoConfiguration' of type [org.springframework.boot.autoconfigure.jackson.JacksonAutoConfiguration] is not eligible for getting processed by all BeanPostProcessors (for example: not eligible for auto-proxying)
2020-12-16T23:01:21.218+0700 INFO Bean 'jsonComponentModule' of type [org.springframework.boot.jackson.JsonComponentModule] is not eligible for getting processed by all BeanPostProcessors (for example: not eligible for auto-proxying)
2020-12-16T23:01:21.251+0700 INFO Bean 'jacksonObjectMapperBuilder' of type [org.springframework.http.converter.json.Jackson2ObjectMapperBuilder] is not eligible for getting processed by all BeanPostProcessors (for example: not eligible for auto-proxying)
2020-12-16T23:01:21.262+0700 INFO Bean 'spring.data.rest-org.springframework.boot.autoconfigure.data.rest.RepositoryRestProperties' of type [org.springframework.boot.autoconfigure.data.rest.RepositoryRestProperties] is not eligible for getting processed by all BeanPostProcessors (for example: not eligible for auto-proxying)
2020-12-16T23:01:21.289+0700 INFO Bean 'springBootRepositoryRestConfigurer' of type [org.springframework.boot.autoconfigure.data.rest.SpringBootRepositoryRestConfigurer] is not eligible for getting processed by all BeanPostProcessors (for example: not eligible for auto-proxying)
2020-12-16T23:01:21.292+0700 INFO Bean 'configurerDelegate' of type [org.springframework.data.rest.webmvc.config.RepositoryRestConfigurerDelegate] is not eligible for getting processed by all BeanPostProcessors (for example: not eligible for auto-proxying)
2020-12-16T23:01:21.302+0700 INFO Bean 'org.springframework.boot.autoconfigure.http.HttpMessageConvertersAutoConfiguration$StringHttpMessageConverterConfiguration' of type [org.springframework.boot.autoconfigure.http.HttpMessageConvertersAutoConfiguration$StringHttpMessageConverterConfiguration] is not eligible for getting processed by all BeanPostProcessors (for example: not eligible for auto-proxying)
2020-12-16T23:01:21.335+0700 INFO Bean 'stringHttpMessageConverter' of type [org.springframework.http.converter.StringHttpMessageConverter] is not eligible for getting processed by all BeanPostProcessors (for example: not eligible for auto-proxying)
2020-12-16T23:01:21.362+0700 INFO Bean 'org.springframework.boot.autoconfigure.http.JacksonHttpMessageConvertersConfiguration$MappingJackson2HttpMessageConverterConfiguration' of type [org.springframework.boot.autoconfigure.http.JacksonHttpMessageConvertersConfiguration$MappingJackson2HttpMessageConverterConfiguration] is not eligible for getting processed by all BeanPostProcessors (for example: not eligible for auto-proxying)
2020-12-16T23:01:21.392+0700 INFO Bean 'org.springframework.boot.autoconfigure.jackson.JacksonAutoConfiguration$JacksonObjectMapperConfiguration' of type [org.springframework.boot.autoconfigure.jackson.JacksonAutoConfiguration$JacksonObjectMapperConfiguration] is not eligible for getting processed by all BeanPostProcessors (for example: not eligible for auto-proxying)
2020-12-16T23:01:21.426+0700 INFO Bean 'jacksonObjectMapperBuilder' of type [org.springframework.http.converter.json.Jackson2ObjectMapperBuilder] is not eligible for getting processed by all BeanPostProcessors (for example: not eligible for auto-proxying)
2020-12-16T23:01:21.444+0700 INFO Bean 'jacksonObjectMapper' of type [com.fasterxml.jackson.databind.ObjectMapper] is not eligible for getting processed by all BeanPostProcessors (for example: not eligible for auto-proxying)
2020-12-16T23:01:21.470+0700 INFO Bean 'mappingJackson2HttpMessageConverter' of type [org.springframework.http.converter.json.MappingJackson2HttpMessageConverter] is not eligible for getting processed by all BeanPostProcessors (for example: not eligible for auto-proxying)
2020-12-16T23:01:21.495+0700 INFO Bean 'org.springframework.data.rest.webmvc.config.RepositoryRestMvcConfiguration' of type [org.springframework.data.rest.webmvc.config.RepositoryRestMvcConfiguration] is not eligible for getting processed by all BeanPostProcessors (for example: not eligible for auto-proxying)
2020-12-16T23:01:22.019+0700 INFO Tomcat initialized with port(s): 8090 (http)
2020-12-16T23:01:22.032+0700 INFO Initializing ProtocolHandler ["http-nio-8090"]
2020-12-16T23:01:22.052+0700 INFO Starting service [Tomcat]
2020-12-16T23:01:22.054+0700 INFO Starting Servlet engine: [Apache Tomcat/9.0.41]
2020-12-16T23:01:22.222+0700 INFO Initializing Spring embedded WebApplicationContext
2020-12-16T23:01:22.223+0700 INFO Root WebApplicationContext: initialization completed in 3075 ms
2020-12-16T23:01:22.466+0700 INFO HHH000204: Processing PersistenceUnitInfo [name: default]
2020-12-16T23:01:22.534+0700 INFO HHH000412: Hibernate ORM core version 5.4.25.Final
2020-12-16T23:01:22.732+0700 INFO HCANN000001: Hibernate Commons Annotations {5.1.2.Final}
2020-12-16T23:01:22.849+0700 INFO HikariPool-1 - Starting...
2020-12-16T23:01:23.344+0700 INFO HikariPool-1 - Start completed.
2020-12-16T23:01:23.370+0700 INFO HHH000400: Using dialect: org.hibernate.dialect.MySQL8Dialect
2020-12-16T23:01:24.225+0700 INFO HHH000490: Using JtaPlatform implementation: [org.hibernate.engine.transaction.jta.platform.internal.NoJtaPlatform]
2020-12-16T23:01:24.237+0700 INFO Initialized JPA EntityManagerFactory for persistence unit 'default'
2020-12-16T23:01:24.368+0700 WARN spring.jpa.open-in-view is enabled by default. Therefore, database queries may be performed during view rendering. Explicitly configure spring.jpa.open-in-view to disable this warning
2020-12-16T23:01:24.904+0700 INFO Initializing ExecutorService 'applicationTaskExecutor'
2020-12-16T23:01:25.082+0700 INFO Adding welcome page: class path resource [static/index.html]
2020-12-16T23:01:25.471+0700 INFO Starting ProtocolHandler ["http-nio-8090"]
2020-12-16T23:01:25.495+0700 INFO Tomcat started on port(s): 8090 (http) with context path ''
2020-12-16T23:01:25.507+0700 INFO Started AppApplication in 7.155 seconds (JVM running for 8.974)
2020-12-16T23:01:55.009+0700 INFO Shutting down ExecutorService 'applicationTaskExecutor'
2020-12-16T23:01:55.010+0700 INFO Closing JPA EntityManagerFactory for persistence unit 'default'
2020-12-16T23:01:55.014+0700 INFO HikariPool-1 - Shutdown initiated...
2020-12-16T23:01:55.046+0700 INFO HikariPool-1 - Shutdown completed.
